{"C:\\Users\\nati\\Desktop\\bingo-driven\\back-end\\src\\app.ts": {"path":"C:\\Users\\nati\\Desktop\\bingo-driven\\back-end\\src\\app.ts","statementMap":{"0":{"start":{"line":1,"column":0},"end":{"line":1,"column":59}},"1":{"start":{"line":2,"column":0},"end":{"line":2,"column":30}},"2":{"start":{"line":3,"column":0},"end":{"line":3,"column":28}},"3":{"start":{"line":4,"column":0},"end":{"line":4,"column":37}},"4":{"start":{"line":5,"column":0},"end":{"line":5,"column":24}},"5":{"start":{"line":7,"column":0},"end":{"line":7,"column":68}},"6":{"start":{"line":8,"column":0},"end":{"line":8,"column":49}},"7":{"start":{"line":10,"column":0},"end":{"line":10,"column":16}},"8":{"start":{"line":12,"column":12},"end":{"line":12,"column":21}},"9":{"start":{"line":13,"column":0},"end":{"line":13,"column":16}},"10":{"start":{"line":14,"column":0},"end":{"line":14,"column":16}},"11":{"start":{"line":16,"column":0},"end":{"line":16,"column":97}},"12":{"start":{"line":16,"column":52},"end":{"line":16,"column":95}},"13":{"start":{"line":18,"column":0},"end":{"line":18,"column":21}},"14":{"start":{"line":19,"column":0},"end":{"line":19,"column":32}},"15":{"start":{"line":21,"column":0},"end":{"line":21,"column":19}}},"fnMap":{"0":{"name":"(anonymous_7)","decl":{"start":{"line":16,"column":19},"end":{"line":16,"column":20}},"loc":{"start":{"line":16,"column":52},"end":{"line":16,"column":95}}}},"branchMap":{},"s":{"0":2,"1":2,"2":2,"3":2,"4":2,"5":2,"6":2,"7":2,"8":2,"9":2,"10":2,"11":2,"12":1,"13":2,"14":2,"15":2},"f":{"0":1},"b":{}}
,"C:\\Users\\nati\\Desktop\\bingo-driven\\back-end\\src\\config\\bingo-rules.ts": {"path":"C:\\Users\\nati\\Desktop\\bingo-driven\\back-end\\src\\config\\bingo-rules.ts","statementMap":{"0":{"start":{"line":1,"column":19},"end":{"line":4,"column":2}},"1":{"start":{"line":6,"column":0},"end":{"line":6,"column":26}}},"fnMap":{},"branchMap":{},"s":{"0":2,"1":2},"f":{},"b":{}}
,"C:\\Users\\nati\\Desktop\\bingo-driven\\back-end\\src\\controllers\\bingo-controller.ts": {"path":"C:\\Users\\nati\\Desktop\\bingo-driven\\back-end\\src\\controllers\\bingo-controller.ts","statementMap":{"0":{"start":{"line":7,"column":0},"end":{"line":7,"column":7}},"1":{"start":{"line":14,"column":0},"end":{"line":14,"column":7}},"2":{"start":{"line":19,"column":0},"end":{"line":19,"column":7}},"3":{"start":{"line":26,"column":0},"end":{"line":26,"column":7}},"4":{"start":{"line":2,"column":0},"end":{"line":2,"column":37}},"5":{"start":{"line":4,"column":0},"end":{"line":4,"column":98}},"6":{"start":{"line":5,"column":0},"end":{"line":5,"column":39}},"7":{"start":{"line":8,"column":17},"end":{"line":8,"column":47}},"8":{"start":{"line":9,"column":15},"end":{"line":9,"column":36}},"9":{"start":{"line":11,"column":2},"end":{"line":11,"column":24}},"10":{"start":{"line":15,"column":15},"end":{"line":15,"column":36}},"11":{"start":{"line":16,"column":2},"end":{"line":16,"column":51}},"12":{"start":{"line":20,"column":17},"end":{"line":20,"column":47}},"13":{"start":{"line":21,"column":17},"end":{"line":21,"column":48}},"14":{"start":{"line":23,"column":2},"end":{"line":23,"column":26}},"15":{"start":{"line":27,"column":17},"end":{"line":27,"column":47}},"16":{"start":{"line":28,"column":2},"end":{"line":28,"column":27}},"17":{"start":{"line":30,"column":2},"end":{"line":30,"column":47}},"18":{"start":{"line":34,"column":17},"end":{"line":34,"column":38}},"19":{"start":{"line":35,"column":2},"end":{"line":37,"column":3}},"20":{"start":{"line":36,"column":4},"end":{"line":36,"column":62}},"21":{"start":{"line":39,"column":2},"end":{"line":39,"column":16}}},"fnMap":{"0":{"name":"getBingoGame","decl":{"start":{"line":7,"column":22},"end":{"line":7,"column":34}},"loc":{"start":{"line":7,"column":62},"end":{"line":12,"column":1}}},"1":{"name":"startNewBingoGame","decl":{"start":{"line":14,"column":22},"end":{"line":14,"column":39}},"loc":{"start":{"line":14,"column":67},"end":{"line":17,"column":1}}},"2":{"name":"getNextNumberForBingoGame","decl":{"start":{"line":19,"column":22},"end":{"line":19,"column":47}},"loc":{"start":{"line":19,"column":75},"end":{"line":24,"column":1}}},"3":{"name":"finishBingoGame","decl":{"start":{"line":26,"column":22},"end":{"line":26,"column":37}},"loc":{"start":{"line":26,"column":65},"end":{"line":31,"column":1}}},"4":{"name":"getValidGameIdFromRequest","decl":{"start":{"line":33,"column":9},"end":{"line":33,"column":34}},"loc":{"start":{"line":33,"column":47},"end":{"line":40,"column":1}}}},"branchMap":{"0":{"loc":{"start":{"line":35,"column":2},"end":{"line":37,"column":3}},"type":"if","locations":[{"start":{"line":35,"column":2},"end":{"line":37,"column":3}}]},"1":{"loc":{"start":{"line":35,"column":6},"end":{"line":35,"column":34}},"type":"binary-expr","locations":[{"start":{"line":35,"column":6},"end":{"line":35,"column":19}},{"start":{"line":35,"column":23},"end":{"line":35,"column":34}}]}},"s":{"0":2,"1":2,"2":2,"3":2,"4":2,"5":2,"6":2,"7":0,"8":0,"9":0,"10":0,"11":0,"12":0,"13":0,"14":0,"15":0,"16":0,"17":0,"18":0,"19":0,"20":0,"21":0},"f":{"0":0,"1":0,"2":0,"3":0,"4":0},"b":{"0":[0],"1":[0,0]}}
,"C:\\Users\\nati\\Desktop\\bingo-driven\\back-end\\src\\database\\index.ts": {"path":"C:\\Users\\nati\\Desktop\\bingo-driven\\back-end\\src\\database\\index.ts","statementMap":{"0":{"start":{"line":1,"column":0},"end":{"line":1,"column":46}},"1":{"start":{"line":2,"column":15},"end":{"line":2,"column":33}},"2":{"start":{"line":4,"column":0},"end":{"line":4,"column":22}}},"fnMap":{},"branchMap":{},"s":{"0":2,"1":2,"2":2},"f":{},"b":{}}
,"C:\\Users\\nati\\Desktop\\bingo-driven\\back-end\\src\\errors\\index.ts": {"path":"C:\\Users\\nati\\Desktop\\bingo-driven\\back-end\\src\\errors\\index.ts","statementMap":{"0":{"start":{"line":1,"column":0},"end":{"line":1,"column":16}},"1":{"start":{"line":8,"column":0},"end":{"line":8,"column":16}},"2":{"start":{"line":2,"column":2},"end":{"line":5,"column":null}},"3":{"start":{"line":9,"column":2},"end":{"line":12,"column":null}}},"fnMap":{"0":{"name":"notFound","decl":{"start":{"line":1,"column":16},"end":{"line":1,"column":24}},"loc":{"start":{"line":1,"column":47},"end":{"line":6,"column":1}}},"1":{"name":"badRequest","decl":{"start":{"line":8,"column":16},"end":{"line":8,"column":26}},"loc":{"start":{"line":8,"column":51},"end":{"line":13,"column":1}}}},"branchMap":{"0":{"loc":{"start":{"line":1,"column":25},"end":{"line":1,"column":47}},"type":"default-arg","locations":[{"start":{"line":1,"column":35},"end":{"line":1,"column":47}}]},"1":{"loc":{"start":{"line":8,"column":27},"end":{"line":8,"column":51}},"type":"default-arg","locations":[{"start":{"line":8,"column":37},"end":{"line":8,"column":51}}]}},"s":{"0":2,"1":2,"2":0,"3":0},"f":{"0":0,"1":0},"b":{"0":[0],"1":[0]}}
,"C:\\Users\\nati\\Desktop\\bingo-driven\\back-end\\src\\middlewares\\error-middleware.ts": {"path":"C:\\Users\\nati\\Desktop\\bingo-driven\\back-end\\src\\middlewares\\error-middleware.ts","statementMap":{"0":{"start":{"line":16,"column":0},"end":{"line":16,"column":24}},"1":{"start":{"line":2,"column":0},"end":{"line":2,"column":37}},"2":{"start":{"line":8,"column":50},"end":{"line":14,"column":2}},"3":{"start":{"line":22,"column":2},"end":{"line":22,"column":21}},"4":{"start":{"line":24,"column":28},"end":{"line":24,"column":33}},"5":{"start":{"line":25,"column":17},"end":{"line":25,"column":73}},"6":{"start":{"line":27,"column":2},"end":{"line":27,"column":42}}},"fnMap":{"0":{"name":"errorHandlingMiddleware","decl":{"start":{"line":16,"column":24},"end":{"line":16,"column":47}},"loc":{"start":{"line":20,"column":20},"end":{"line":28,"column":1}}}},"branchMap":{"0":{"loc":{"start":{"line":25,"column":17},"end":{"line":25,"column":73}},"type":"binary-expr","locations":[{"start":{"line":25,"column":17},"end":{"line":25,"column":37}},{"start":{"line":25,"column":41},"end":{"line":25,"column":73}}]}},"s":{"0":2,"1":2,"2":2,"3":0,"4":0,"5":0,"6":0},"f":{"0":0},"b":{"0":[0,0]}}
,"C:\\Users\\nati\\Desktop\\bingo-driven\\back-end\\src\\repositories\\bingo-repository.ts": {"path":"C:\\Users\\nati\\Desktop\\bingo-driven\\back-end\\src\\repositories\\bingo-repository.ts","statementMap":{"0":{"start":{"line":3,"column":0},"end":{"line":3,"column":7}},"1":{"start":{"line":7,"column":0},"end":{"line":7,"column":7}},"2":{"start":{"line":18,"column":0},"end":{"line":18,"column":7}},"3":{"start":{"line":27,"column":0},"end":{"line":27,"column":7}},"4":{"start":{"line":38,"column":0},"end":{"line":38,"column":7}},"5":{"start":{"line":1,"column":0},"end":{"line":1,"column":33}},"6":{"start":{"line":4,"column":2},"end":{"line":4,"column":38}},"7":{"start":{"line":8,"column":2},"end":{"line":15,"column":5}},"8":{"start":{"line":19,"column":2},"end":{"line":24,"column":5}},"9":{"start":{"line":28,"column":2},"end":{"line":35,"column":5}},"10":{"start":{"line":39,"column":2},"end":{"line":43,"column":5}}},"fnMap":{"0":{"name":"createNewBingoGame","decl":{"start":{"line":3,"column":22},"end":{"line":3,"column":40}},"loc":{"start":{"line":3,"column":40},"end":{"line":5,"column":1}}},"1":{"name":"getBingoGameById","decl":{"start":{"line":7,"column":22},"end":{"line":7,"column":38}},"loc":{"start":{"line":7,"column":77},"end":{"line":16,"column":1}}},"2":{"name":"setNumberForBingoGame","decl":{"start":{"line":18,"column":22},"end":{"line":18,"column":43}},"loc":{"start":{"line":18,"column":74},"end":{"line":25,"column":1}}},"3":{"name":"updateBingoGameStatusToFinished","decl":{"start":{"line":27,"column":22},"end":{"line":27,"column":53}},"loc":{"start":{"line":27,"column":68},"end":{"line":36,"column":1}}},"4":{"name":"getAllNumbersFromBingoGame","decl":{"start":{"line":38,"column":22},"end":{"line":38,"column":48}},"loc":{"start":{"line":38,"column":63},"end":{"line":44,"column":1}}}},"branchMap":{"0":{"loc":{"start":{"line":7,"column":55},"end":{"line":7,"column":77}},"type":"default-arg","locations":[{"start":{"line":7,"column":72},"end":{"line":7,"column":77}}]}},"s":{"0":2,"1":2,"2":2,"3":2,"4":2,"5":2,"6":0,"7":0,"8":0,"9":0,"10":0},"f":{"0":0,"1":0,"2":0,"3":0,"4":0},"b":{"0":[0]}}
,"C:\\Users\\nati\\Desktop\\bingo-driven\\back-end\\src\\routers\\bingo-router.ts": {"path":"C:\\Users\\nati\\Desktop\\bingo-driven\\back-end\\src\\routers\\bingo-router.ts","statementMap":{"0":{"start":{"line":1,"column":0},"end":{"line":1,"column":33}},"1":{"start":{"line":2,"column":0},"end":{"line":2,"column":126}},"2":{"start":{"line":4,"column":20},"end":{"line":4,"column":28}},"3":{"start":{"line":6,"column":0},"end":{"line":6,"column":44}},"4":{"start":{"line":7,"column":0},"end":{"line":7,"column":52}},"5":{"start":{"line":8,"column":0},"end":{"line":8,"column":66}},"6":{"start":{"line":9,"column":0},"end":{"line":9,"column":56}},"7":{"start":{"line":11,"column":0},"end":{"line":11,"column":27}}},"fnMap":{},"branchMap":{},"s":{"0":2,"1":2,"2":2,"3":2,"4":2,"5":2,"6":2,"7":2},"f":{},"b":{}}
,"C:\\Users\\nati\\Desktop\\bingo-driven\\back-end\\src\\services\\bingo-service.ts": {"path":"C:\\Users\\nati\\Desktop\\bingo-driven\\back-end\\src\\services\\bingo-service.ts","statementMap":{"0":{"start":{"line":14,"column":0},"end":{"line":14,"column":7}},"1":{"start":{"line":23,"column":0},"end":{"line":23,"column":7}},"2":{"start":{"line":27,"column":0},"end":{"line":27,"column":7}},"3":{"start":{"line":43,"column":0},"end":{"line":43,"column":7}},"4":{"start":{"line":3,"column":0},"end":{"line":3,"column":null}},"5":{"start":{"line":10,"column":0},"end":{"line":10,"column":47}},"6":{"start":{"line":11,"column":0},"end":{"line":11,"column":49}},"7":{"start":{"line":12,"column":0},"end":{"line":12,"column":55}},"8":{"start":{"line":15,"column":25},"end":{"line":15,"column":29}},"9":{"start":{"line":16,"column":15},"end":{"line":16,"column":61}},"10":{"start":{"line":18,"column":2},"end":{"line":18,"column":65}},"11":{"start":{"line":18,"column":13},"end":{"line":18,"column":65}},"12":{"start":{"line":20,"column":2},"end":{"line":20,"column":14}},"13":{"start":{"line":24,"column":2},"end":{"line":24,"column":36}},"14":{"start":{"line":28,"column":2},"end":{"line":28,"column":36}},"15":{"start":{"line":30,"column":18},"end":{"line":30,"column":44}},"16":{"start":{"line":31,"column":26},"end":{"line":31,"column":55}},"17":{"start":{"line":32,"column":19},"end":{"line":35,"column":null}},"18":{"start":{"line":38,"column":2},"end":{"line":38,"column":66}},"19":{"start":{"line":38,"column":27},"end":{"line":38,"column":66}},"20":{"start":{"line":40,"column":2},"end":{"line":40,"column":57}},"21":{"start":{"line":44,"column":2},"end":{"line":44,"column":36}},"22":{"start":{"line":46,"column":2},"end":{"line":46,"column":55}},"23":{"start":{"line":50,"column":18},"end":{"line":50,"column":58}},"24":{"start":{"line":51,"column":2},"end":{"line":51,"column":45}},"25":{"start":{"line":53,"column":2},"end":{"line":53,"column":17}},"26":{"start":{"line":57,"column":34},"end":{"line":57,"column":67}},"27":{"start":{"line":58,"column":2},"end":{"line":60,"column":3}},"28":{"start":{"line":59,"column":4},"end":{"line":59,"column":61}},"29":{"start":{"line":64,"column":15},"end":{"line":64,"column":45}},"30":{"start":{"line":66,"column":2},"end":{"line":66,"column":65}},"31":{"start":{"line":66,"column":13},"end":{"line":66,"column":65}},"32":{"start":{"line":67,"column":2},"end":{"line":67,"column":80}},"33":{"start":{"line":67,"column":21},"end":{"line":67,"column":80}},"34":{"start":{"line":69,"column":2},"end":{"line":69,"column":14}},"35":{"start":{"line":73,"column":2},"end":{"line":73,"column":43}},"36":{"start":{"line":73,"column":36},"end":{"line":73,"column":41}}},"fnMap":{"0":{"name":"getGame","decl":{"start":{"line":14,"column":22},"end":{"line":14,"column":29}},"loc":{"start":{"line":14,"column":44},"end":{"line":21,"column":1}}},"1":{"name":"createNewGame","decl":{"start":{"line":23,"column":22},"end":{"line":23,"column":35}},"loc":{"start":{"line":23,"column":35},"end":{"line":25,"column":1}}},"2":{"name":"generateNewNumber","decl":{"start":{"line":27,"column":22},"end":{"line":27,"column":39}},"loc":{"start":{"line":27,"column":54},"end":{"line":41,"column":1}}},"3":{"name":"finishGame","decl":{"start":{"line":43,"column":22},"end":{"line":43,"column":32}},"loc":{"start":{"line":43,"column":47},"end":{"line":47,"column":1}}},"4":{"name":"fetchNumbers","decl":{"start":{"line":49,"column":15},"end":{"line":49,"column":27}},"loc":{"start":{"line":49,"column":42},"end":{"line":54,"column":1}}},"5":{"name":"checkIfAllNumbersAlreadyBeenDrawn","decl":{"start":{"line":56,"column":9},"end":{"line":56,"column":42}},"loc":{"start":{"line":56,"column":64},"end":{"line":61,"column":1}}},"6":{"name":"getRunningBingoGame","decl":{"start":{"line":63,"column":15},"end":{"line":63,"column":34}},"loc":{"start":{"line":63,"column":49},"end":{"line":70,"column":1}}},"7":{"name":"extractOnlyTheValues","decl":{"start":{"line":72,"column":9},"end":{"line":72,"column":29}},"loc":{"start":{"line":72,"column":51},"end":{"line":74,"column":1}}},"8":{"name":"(anonymous_9)","decl":{"start":{"line":73,"column":21},"end":{"line":73,"column":22}},"loc":{"start":{"line":73,"column":36},"end":{"line":73,"column":41}}}},"branchMap":{"0":{"loc":{"start":{"line":18,"column":2},"end":{"line":18,"column":65}},"type":"if","locations":[{"start":{"line":18,"column":2},"end":{"line":18,"column":65}}]},"1":{"loc":{"start":{"line":38,"column":2},"end":{"line":38,"column":66}},"type":"if","locations":[{"start":{"line":38,"column":2},"end":{"line":38,"column":66}}]},"2":{"loc":{"start":{"line":58,"column":2},"end":{"line":60,"column":3}},"type":"if","locations":[{"start":{"line":58,"column":2},"end":{"line":60,"column":3}}]},"3":{"loc":{"start":{"line":66,"column":2},"end":{"line":66,"column":65}},"type":"if","locations":[{"start":{"line":66,"column":2},"end":{"line":66,"column":65}}]},"4":{"loc":{"start":{"line":67,"column":2},"end":{"line":67,"column":80}},"type":"if","locations":[{"start":{"line":67,"column":2},"end":{"line":67,"column":80}}]}},"s":{"0":2,"1":2,"2":2,"3":2,"4":2,"5":2,"6":2,"7":2,"8":0,"9":0,"10":0,"11":0,"12":0,"13":0,"14":0,"15":0,"16":0,"17":0,"18":0,"19":0,"20":0,"21":0,"22":0,"23":0,"24":0,"25":0,"26":0,"27":0,"28":0,"29":0,"30":0,"31":0,"32":0,"33":0,"34":0,"35":0,"36":0},"f":{"0":0,"1":0,"2":0,"3":0,"4":0,"5":0,"6":0,"7":0,"8":0},"b":{"0":[0],"1":[0],"2":[0],"3":[0],"4":[0]}}
,"C:\\Users\\nati\\Desktop\\bingo-driven\\back-end\\src\\utils\\index.ts": {"path":"C:\\Users\\nati\\Desktop\\bingo-driven\\back-end\\src\\utils\\index.ts","statementMap":{"0":{"start":{"line":1,"column":0},"end":{"line":1,"column":16}},"1":{"start":{"line":5,"column":0},"end":{"line":5,"column":16}},"2":{"start":{"line":2,"column":2},"end":{"line":2,"column":77}},"3":{"start":{"line":6,"column":32},"end":{"line":6,"column":63}},"4":{"start":{"line":7,"column":2},"end":{"line":7,"column":41}},"5":{"start":{"line":7,"column":29},"end":{"line":7,"column":41}},"6":{"start":{"line":9,"column":19},"end":{"line":9,"column":49}},"7":{"start":{"line":10,"column":24},"end":{"line":10,"column":29}},"8":{"start":{"line":12,"column":2},"end":{"line":18,"column":29}},"9":{"start":{"line":13,"column":30},"end":{"line":13,"column":75}},"10":{"start":{"line":13,"column":53},"end":{"line":13,"column":74}},"11":{"start":{"line":14,"column":4},"end":{"line":17,"column":5}},"12":{"start":{"line":14,"column":28},"end":{"line":14,"column":51}},"13":{"start":{"line":16,"column":6},"end":{"line":16,"column":50}},"14":{"start":{"line":20,"column":2},"end":{"line":20,"column":20}}},"fnMap":{"0":{"name":"generateRandomNumber","decl":{"start":{"line":1,"column":16},"end":{"line":1,"column":36}},"loc":{"start":{"line":1,"column":73},"end":{"line":3,"column":1}}},"1":{"name":"generateRandomNumberNotUsed","decl":{"start":{"line":5,"column":16},"end":{"line":5,"column":43}},"loc":{"start":{"line":5,"column":87},"end":{"line":21,"column":1}}},"2":{"name":"(anonymous_2)","decl":{"start":{"line":13,"column":43},"end":{"line":13,"column":49}},"loc":{"start":{"line":13,"column":53},"end":{"line":13,"column":74}}}},"branchMap":{"0":{"loc":{"start":{"line":7,"column":2},"end":{"line":7,"column":41}},"type":"if","locations":[{"start":{"line":7,"column":2},"end":{"line":7,"column":41}}]},"1":{"loc":{"start":{"line":14,"column":4},"end":{"line":17,"column":5}},"type":"if","locations":[{"start":{"line":14,"column":4},"end":{"line":17,"column":5}},{"start":{"line":15,"column":9},"end":{"line":17,"column":5}}]}},"s":{"0":2,"1":2,"2":0,"3":0,"4":0,"5":0,"6":0,"7":0,"8":0,"9":0,"10":0,"11":0,"12":0,"13":0,"14":0},"f":{"0":0,"1":0,"2":0},"b":{"0":[0],"1":[0,0]}}
,"C:\\Users\\nati\\Desktop\\bingo-driven\\back-end\\tests\\factories\\bingo-factory.js": {"path":"C:\\Users\\nati\\Desktop\\bingo-driven\\back-end\\tests\\factories\\bingo-factory.js","statementMap":{"0":{"start":{"line":2,"column":22},"end":{"line":4,"column":1}},"1":{"start":{"line":3,"column":4},"end":{"line":3,"column":62}},"2":{"start":{"line":5,"column":0},"end":{"line":5,"column":62}},"3":{"start":{"line":6,"column":0},"end":{"line":6,"column":42}},"4":{"start":{"line":7,"column":0},"end":{"line":7,"column":44}},"5":{"start":{"line":8,"column":22},"end":{"line":8,"column":78}},"6":{"start":{"line":9,"column":19},"end":{"line":9,"column":65}},"7":{"start":{"line":11,"column":4},"end":{"line":15,"column":7}},"8":{"start":{"line":18,"column":17},"end":{"line":18,"column":40}},"9":{"start":{"line":19,"column":20},"end":{"line":19,"column":22}},"10":{"start":{"line":20,"column":4},"end":{"line":25,"column":5}},"11":{"start":{"line":20,"column":17},"end":{"line":20,"column":18}},"12":{"start":{"line":21,"column":8},"end":{"line":24,"column":11}},"13":{"start":{"line":26,"column":4},"end":{"line":28,"column":7}},"14":{"start":{"line":29,"column":4},"end":{"line":29,"column":16}}},"fnMap":{"0":{"name":"(anonymous_0)","decl":{"start":{"line":2,"column":56},"end":{"line":2,"column":57}},"loc":{"start":{"line":2,"column":71},"end":{"line":4,"column":1}},"line":2},"1":{"name":"generateNewGame","decl":{"start":{"line":10,"column":15},"end":{"line":10,"column":30}},"loc":{"start":{"line":10,"column":49},"end":{"line":16,"column":1}},"line":10},"2":{"name":"generateFullGame","decl":{"start":{"line":17,"column":15},"end":{"line":17,"column":31}},"loc":{"start":{"line":17,"column":34},"end":{"line":30,"column":1}},"line":17}},"branchMap":{"0":{"loc":{"start":{"line":2,"column":22},"end":{"line":4,"column":1}},"type":"binary-expr","locations":[{"start":{"line":2,"column":23},"end":{"line":2,"column":27}},{"start":{"line":2,"column":31},"end":{"line":2,"column":51}},{"start":{"line":2,"column":56},"end":{"line":4,"column":1}}],"line":2},"1":{"loc":{"start":{"line":3,"column":11},"end":{"line":3,"column":61}},"type":"cond-expr","locations":[{"start":{"line":3,"column":37},"end":{"line":3,"column":40}},{"start":{"line":3,"column":43},"end":{"line":3,"column":61}}],"line":3},"2":{"loc":{"start":{"line":3,"column":12},"end":{"line":3,"column":33}},"type":"binary-expr","locations":[{"start":{"line":3,"column":12},"end":{"line":3,"column":15}},{"start":{"line":3,"column":19},"end":{"line":3,"column":33}}],"line":3},"3":{"loc":{"start":{"line":10,"column":31},"end":{"line":10,"column":47}},"type":"default-arg","locations":[{"start":{"line":10,"column":42},"end":{"line":10,"column":47}}],"line":10}},"s":{"0":1,"1":2,"2":1,"3":1,"4":1,"5":1,"6":1,"7":0,"8":0,"9":0,"10":0,"11":0,"12":0,"13":0,"14":0},"f":{"0":2,"1":0,"2":0},"b":{"0":[1,1,1],"1":[2,0],"2":[2,2],"3":[0]},"inputSourceMap":null,"_coverageSchema":"1a1c01bbd47fc00a2c39e90264f33305004495a9","hash":"feed6d1ef8f1e67af662dd42c9c77685310a1c8b"}
}
