TN:
SF:src\app.ts
FN:16,(anonymous_7)
FNF:1
FNH:1
FNDA:1,(anonymous_7)
DA:1,2
DA:2,2
DA:3,2
DA:4,2
DA:5,2
DA:7,2
DA:8,2
DA:10,2
DA:12,2
DA:13,2
DA:14,2
DA:16,2
DA:18,2
DA:19,2
DA:21,2
LF:15
LH:15
BRF:0
BRH:0
end_of_record
TN:
SF:src\config\bingo-rules.ts
FNF:0
FNH:0
DA:1,2
DA:6,2
LF:2
LH:2
BRF:0
BRH:0
end_of_record
TN:
SF:src\controllers\bingo-controller.ts
FN:7,getBingoGame
FN:14,startNewBingoGame
FN:19,getNextNumberForBingoGame
FN:26,finishBingoGame
FN:33,getValidGameIdFromRequest
FNF:5
FNH:0
FNDA:0,getBingoGame
FNDA:0,startNewBingoGame
FNDA:0,getNextNumberForBingoGame
FNDA:0,finishBingoGame
FNDA:0,getValidGameIdFromRequest
DA:2,2
DA:4,2
DA:5,2
DA:7,2
DA:8,0
DA:9,0
DA:11,0
DA:14,2
DA:15,0
DA:16,0
DA:19,2
DA:20,0
DA:21,0
DA:23,0
DA:26,2
DA:27,0
DA:28,0
DA:30,0
DA:34,0
DA:35,0
DA:36,0
DA:39,0
LF:22
LH:7
BRDA:35,0,0,0
BRDA:35,1,0,0
BRDA:35,1,1,0
BRF:3
BRH:0
end_of_record
TN:
SF:src\database\index.ts
FNF:0
FNH:0
DA:1,2
DA:2,2
DA:4,2
LF:3
LH:3
BRF:0
BRH:0
end_of_record
TN:
SF:src\errors\index.ts
FN:1,notFound
FN:8,badRequest
FNF:2
FNH:0
FNDA:0,notFound
FNDA:0,badRequest
DA:1,2
DA:2,0
DA:8,2
DA:9,0
LF:4
LH:2
BRDA:1,0,0,0
BRDA:8,1,0,0
BRF:2
BRH:0
end_of_record
TN:
SF:src\middlewares\error-middleware.ts
FN:16,errorHandlingMiddleware
FNF:1
FNH:0
FNDA:0,errorHandlingMiddleware
DA:2,2
DA:8,2
DA:16,2
DA:22,0
DA:24,0
DA:25,0
DA:27,0
LF:7
LH:3
BRDA:25,0,0,0
BRDA:25,0,1,0
BRF:2
BRH:0
end_of_record
TN:
SF:src\repositories\bingo-repository.ts
FN:3,createNewBingoGame
FN:7,getBingoGameById
FN:18,setNumberForBingoGame
FN:27,updateBingoGameStatusToFinished
FN:38,getAllNumbersFromBingoGame
FNF:5
FNH:0
FNDA:0,createNewBingoGame
FNDA:0,getBingoGameById
FNDA:0,setNumberForBingoGame
FNDA:0,updateBingoGameStatusToFinished
FNDA:0,getAllNumbersFromBingoGame
DA:1,2
DA:3,2
DA:4,0
DA:7,2
DA:8,0
DA:18,2
DA:19,0
DA:27,2
DA:28,0
DA:38,2
DA:39,0
LF:11
LH:6
BRDA:7,0,0,0
BRF:1
BRH:0
end_of_record
TN:
SF:src\routers\bingo-router.ts
FNF:0
FNH:0
DA:1,2
DA:2,2
DA:4,2
DA:6,2
DA:7,2
DA:8,2
DA:9,2
DA:11,2
LF:8
LH:8
BRF:0
BRH:0
end_of_record
TN:
SF:src\services\bingo-service.ts
FN:14,getGame
FN:23,createNewGame
FN:27,generateNewNumber
FN:43,finishGame
FN:49,fetchNumbers
FN:56,checkIfAllNumbersAlreadyBeenDrawn
FN:63,getRunningBingoGame
FN:72,extractOnlyTheValues
FN:73,(anonymous_9)
FNF:9
FNH:0
FNDA:0,getGame
FNDA:0,createNewGame
FNDA:0,generateNewNumber
FNDA:0,finishGame
FNDA:0,fetchNumbers
FNDA:0,checkIfAllNumbersAlreadyBeenDrawn
FNDA:0,getRunningBingoGame
FNDA:0,extractOnlyTheValues
FNDA:0,(anonymous_9)
DA:3,2
DA:10,2
DA:11,2
DA:12,2
DA:14,2
DA:15,0
DA:16,0
DA:18,0
DA:20,0
DA:23,2
DA:24,0
DA:27,2
DA:28,0
DA:30,0
DA:31,0
DA:32,0
DA:38,0
DA:40,0
DA:43,2
DA:44,0
DA:46,0
DA:50,0
DA:51,0
DA:53,0
DA:57,0
DA:58,0
DA:59,0
DA:64,0
DA:66,0
DA:67,0
DA:69,0
DA:73,0
LF:32
LH:8
BRDA:18,0,0,0
BRDA:38,1,0,0
BRDA:58,2,0,0
BRDA:66,3,0,0
BRDA:67,4,0,0
BRF:5
BRH:0
end_of_record
TN:
SF:src\utils\index.ts
FN:1,generateRandomNumber
FN:5,generateRandomNumberNotUsed
FN:13,(anonymous_2)
FNF:3
FNH:0
FNDA:0,generateRandomNumber
FNDA:0,generateRandomNumberNotUsed
FNDA:0,(anonymous_2)
DA:1,2
DA:2,0
DA:5,2
DA:6,0
DA:7,0
DA:9,0
DA:10,0
DA:12,0
DA:13,0
DA:14,0
DA:16,0
DA:20,0
LF:12
LH:2
BRDA:7,0,0,0
BRDA:14,1,0,0
BRDA:14,1,1,0
BRF:3
BRH:0
end_of_record
TN:
SF:tests\factories\bingo-factory.js
FN:2,(anonymous_0)
FN:10,generateNewGame
FN:17,generateFullGame
FNF:3
FNH:1
FNDA:2,(anonymous_0)
FNDA:0,generateNewGame
FNDA:0,generateFullGame
DA:2,1
DA:3,2
DA:5,1
DA:6,1
DA:7,1
DA:8,1
DA:9,1
DA:11,0
DA:18,0
DA:19,0
DA:20,0
DA:21,0
DA:26,0
DA:29,0
LF:14
LH:7
BRDA:2,0,0,1
BRDA:2,0,1,1
BRDA:2,0,2,1
BRDA:3,1,0,2
BRDA:3,1,1,0
BRDA:3,2,0,2
BRDA:3,2,1,2
BRDA:10,3,0,0
BRF:8
BRH:6
end_of_record
